<?xml version="1.0" encoding="UTF-8"?>
<!-- Generated by org.testng.reporters.JUnitReportReporter -->
<testsuite hostname="acer" failures="0" tests="15" name="assignment12.TestNGTask" time="23.002" errors="1" timestamp="2023-02-12T17:19:57 IST" skipped="7">
  <testcase classname="assignment12.TestNGTask" name="setUp" time="0.360">
    <error message="The path to the driver executable The path to the driver executable must be set by the webdriver.chrome.driver system property; for more information, see https://chromedriver.chromium.org/. The latest version can be downloaded from https://chromedriver.chromium.org/downloads" type="java.lang.IllegalStateException">
      <![CDATA[java.lang.IllegalStateException: The path to the driver executable The path to the driver executable must be set by the webdriver.chrome.driver system property; for more information, see https://chromedriver.chromium.org/. The latest version can be downloaded from https://chromedriver.chromium.org/downloads
at org.openqa.selenium.internal.Require$StateChecker.nonNull(Require.java:314)
at org.openqa.selenium.remote.service.DriverService.findExecutable(DriverService.java:149)
at org.openqa.selenium.chrome.ChromeDriverService.access$000(ChromeDriverService.java:42)
at org.openqa.selenium.chrome.ChromeDriverService$Builder.findDefaultExecutable(ChromeDriverService.java:315)
at org.openqa.selenium.remote.service.DriverService$Builder.build(DriverService.java:456)
at org.openqa.selenium.chrome.ChromeDriverService.createDefaultService(ChromeDriverService.java:147)
at org.openqa.selenium.chrome.ChromeDriver.<init>(ChromeDriver.java:50)
at helper.Utility.startBrowser(Utility.java:76)
at assignment12.TestNGTask.setUp(TestNGTask.java:24)
at java.base/jdk.internal.reflect.NativeMethodAccessorImpl.invoke0(Native Method)
at java.base/jdk.internal.reflect.NativeMethodAccessorImpl.invoke(NativeMethodAccessorImpl.java:77)
at java.base/jdk.internal.reflect.DelegatingMethodAccessorImpl.invoke(DelegatingMethodAccessorImpl.java:43)
at java.base/java.lang.reflect.Method.invoke(Method.java:568)
at org.testng.internal.invokers.MethodInvocationHelper.invokeMethod(MethodInvocationHelper.java:139)
at org.testng.internal.invokers.MethodInvocationHelper.invokeMethodConsideringTimeout(MethodInvocationHelper.java:69)
at org.testng.internal.invokers.ConfigInvoker.invokeConfigurationMethod(ConfigInvoker.java:361)
at org.testng.internal.invokers.ConfigInvoker.invokeConfigurations(ConfigInvoker.java:296)
at org.testng.TestRunner.invokeTestConfigurations(TestRunner.java:644)
at org.testng.TestRunner.beforeRun(TestRunner.java:633)
at org.testng.TestRunner.run(TestRunner.java:595)
at org.testng.SuiteRunner.runTest(SuiteRunner.java:437)
at org.testng.SuiteRunner$SuiteWorker.run(SuiteRunner.java:475)
at org.testng.internal.thread.ThreadUtil.lambda$execute$0(ThreadUtil.java:58)
at java.base/java.util.concurrent.FutureTask.run(FutureTask.java:264)
at java.base/java.util.concurrent.ThreadPoolExecutor.runWorker(ThreadPoolExecutor.java:1136)
at java.base/java.util.concurrent.ThreadPoolExecutor$Worker.run(ThreadPoolExecutor.java:635)
at java.base/java.lang.Thread.run(Thread.java:833)
]]>
    </error>
  </testcase> <!-- setUp -->
  <system-out/>
  <testcase classname="assignment12.TestNGTask" name="loginScenario" time="0.880"/>
  <system-out>
    <![CDATA[*****Login method started*****
*****Login method stopped*****]]>
  </system-out>
  <testcase classname="assignment12.TestNGTask" name="loginScenario" time="0.000">
    <skipped/>
  </testcase> <!-- loginScenario -->
  <system-out/>
  <testcase classname="assignment12.TestNGTask" name="clickManageCourse" time="2.500"/>
  <system-out>
    <![CDATA[*****Manage course method started*****
*****Manage course method stopped*****]]>
  </system-out>
  <testcase classname="assignment12.TestNGTask" name="clickManageCourse" time="0.000">
    <skipped/>
  </testcase> <!-- clickManageCourse -->
  <system-out/>
  <testcase classname="assignment12.TestNGTask" name="clickAddNewCourse" time="0.000">
    <skipped/>
  </testcase> <!-- clickAddNewCourse -->
  <system-out/>
  <testcase classname="assignment12.TestNGTask" name="clickAddNewCourse" time="0.331"/>
  <system-out>
    <![CDATA[*****Add new course method started*****
*****Add new course method stopped*****]]>
  </system-out>
  <testcase classname="assignment12.TestNGTask" name="addNewCourseForm" time="0.001">
    <skipped/>
  </testcase> <!-- addNewCourseForm -->
  <system-out/>
  <testcase classname="assignment12.TestNGTask" name="addNewCourseForm" time="6.284"/>
  <system-out>
    <![CDATA[*****Add new course Form method started*****
*****Add new course Form method stopped*****]]>
  </system-out>
  <testcase classname="assignment12.TestNGTask" name="verifyCourse" time="0.000">
    <skipped/>
  </testcase> <!-- verifyCourse -->
  <system-out/>
  <testcase classname="assignment12.TestNGTask" name="verifyCourse" time="0.296"/>
  <system-out>
    <![CDATA[*****Verify new course method started*****
*****Verify new course method stopped*****]]>
  </system-out>
  <testcase classname="assignment12.TestNGTask" name="verifyCourseDeleted" time="0.000">
    <skipped/>
  </testcase> <!-- verifyCourseDeleted -->
  <system-out/>
  <testcase classname="assignment12.TestNGTask" name="verifyCourseDeleted" time="12.026"/>
  <system-out>
    <![CDATA[*****Verify course delted method started*****
*****Verify course delted method stopped*****]]>
  </system-out>
  <testcase classname="assignment12.TestNGTask" name="signOut" time="0.324"/>
  <system-out>
    <![CDATA[*****Sign out method started*****
*****Sign out method stopped*****]]>
  </system-out>
  <testcase classname="assignment12.TestNGTask" name="signOut" time="0.000">
    <skipped/>
  </testcase> <!-- signOut -->
  <system-out/>
</testsuite> <!-- assignment12.TestNGTask -->
