<?xml version="1.0" encoding="UTF-8"?>
<!-- Generated by org.testng.reporters.JUnitReportReporter -->
<testsuite hostname="acer" failures="0" tests="1" name="testCases.ViewUsers" time="8.135" errors="0" timestamp="2023-03-10T22:51:01 IST" skipped="0">
  <testcase classname="testCases.ViewUsers" name="viewUsers" time="8.135"/>
  <system-out/>
</testsuite> <!-- testCases.ViewUsers -->
