<?xml version="1.0" encoding="UTF-8"?>
<!-- Generated by org.testng.reporters.JUnitReportReporter -->
<testsuite hostname="acer" failures="0" tests="1" name="testCases.LoginTest" time="2.315" errors="0" timestamp="2023-03-11T13:52:09 IST" skipped="0">
  <testcase classname="testCases.LoginTest" name="loginToApplication" time="2.315"/>
  <system-out/>
</testsuite> <!-- testCases.LoginTest -->
